2025-10-01 00:11:12, MOVE, v:1, k:carro, mode:PICK
2025-10-01 00:11:13, EXEC, v:1, k:carro, mode:FULL, rate:100
2025-10-01 00:11:27, MOVE, v:1, k:carro, mode:BACK
2025-10-01 00:11:31, MOVE, v:1, k:calculadora, mode:DOWN
2025-10-01 00:21:19, MOVE, v:1, k:calculadora, mode:PICK
2025-10-01 00:21:20, EXEC, v:1, k:calculadora, mode:FULL, rate:100, size:58
2025-10-01 00:28:30, EXEC, v:1, k:calculadora, mode:FULL, rate:0, size:21
2025-10-01 00:28:58, EXEC, v:1, k:calculadora, mode:FULL, rate:0, size:21
2025-10-01 00:29:00, EXEC, v:1, k:calculadora, mode:FULL, rate:0
2025-10-01 00:29:24, EXEC, v:1, k:calculadora, mode:FULL, rate:0, size:21
2025-10-01 00:29:31, EXEC, v:1, k:calculadora, mode:FULL, rate:0, size:21
2025-10-01 00:30:00, EXEC, v:1, k:calculadora, mode:FULL, rate:0, size:21
2025-10-01 00:30:24, EXEC, v:1, k:calculadora, mode:FULL, rate:0, size:21
2025-10-01 00:30:25, EXEC, v:1, k:calculadora, mode:FULL, rate:0
2025-10-01 00:31:09, EXEC, v:1, k:calculadora, mode:FULL, rate:0, size:21
2025-10-01 00:31:11, EXEC, v:1, k:calculadora, mode:FULL, rate:0
2025-10-01 00:32:50, EXEC, v:1, k:calculadora, mode:FULL, rate:0, size:21
2025-10-01 00:37:36, EXEC, v:1, k:calculadora, mode:FULL, rate:0, size:30
2025-10-01 00:37:46, EXEC, v:1, k:calculadora, mode:FULL, rate:0, size:30
2025-10-01 00:37:47, EXEC, v:1, k:calculadora, mode:FULL, rate:0
2025-10-01 00:37:55, EXEC, v:1, k:calculadora, mode:FULL, rate:0
2025-10-01 00:38:05, EXEC, v:1, k:calculadora, mode:FULL, rate:0, size:30
2025-10-01 00:38:08, EXEC, v:1, k:calculadora, mode:FULL, rate:0
2025-10-01 00:38:16, EXEC, v:1, k:calculadora, mode:FULL, rate:0, size:30
2025-10-01 00:40:01, EXEC, v:1, k:calculadora, mode:FULL, rate:0, size:33
2025-10-01 00:40:53, EXEC, v:1, k:calculadora, mode:FULL, rate:0, size:34
2025-10-01 00:42:07, EXEC, v:1, k:calculadora, mode:FULL, rate:0, size:36
2025-10-01 00:42:15, EXEC, v:1, k:calculadora, mode:FULL, rate:0, size:36
2025-10-01 00:42:26, EXEC, v:1, k:calculadora, mode:FULL, rate:0, size:36
2025-10-01 00:42:48, EXEC, v:1, k:calculadora, mode:FULL, rate:0, size:36
2025-10-01 00:43:07, EXEC, v:1, k:calculadora, mode:FULL, rate:0, size:36
2025-10-01 00:43:19, EXEC, v:1, k:calculadora, mode:FULL, rate:0
2025-10-01 00:57:45, EXEC, v:1, k:calculadora, mode:FULL, rate:0, size:66
2025-10-01 00:58:26, EXEC, v:1, k:calculadora, mode:FULL, rate:0
2025-10-01 00:59:31, EXEC, v:1, k:calculadora, mode:FULL, rate:0, size:66
2025-10-01 01:01:33, EXEC, v:1, k:calculadora, mode:FULL, rate:0, size:68
2025-10-01 01:01:58, EXEC, v:1, k:calculadora, mode:FULL, rate:0, size:68
2025-10-01 01:02:21, EXEC, v:1, k:calculadora, mode:FULL, rate:0, size:68
2025-10-01 01:02:37, EXEC, v:1, k:calculadora, mode:FULL, rate:0, size:68
2025-10-01 01:03:02, EXEC, v:1, k:calculadora, mode:FULL, rate:9, size:63
2025-10-01 01:04:53, EXEC, v:1, k:calculadora, mode:FULL, rate:9, size:63
2025-10-01 01:05:34, EXEC, v:1, k:calculadora, mode:FULL, rate:9, size:63
2025-10-01 01:06:07, EXEC, v:1, k:calculadora, mode:FULL, rate:9
2025-10-01 01:07:11, EXEC, v:1, k:calculadora, mode:FULL, rate:100, size:58
