2025-09-16 19:37:42, MOVE, v:1, k:toalha, mode:DOWN
2025-09-16 19:37:46, MOVE, v:1, k:toalha, mode:PICK
2025-09-16 19:38:04, EXEC, v:1, k:toalha, mode:LOCK, rate:100, size:0
2025-09-16 19:38:04, EXEC, v:1, k:toalha, mode:LOCK, rate:100, size:0
2025-09-16 19:39:49, EXEC, v:1, k:toalha, mode:LOCK, rate:0, size:1
2025-09-16 19:43:08, MOVE, v:1, k:toalha, mode:BACK
2025-09-16 19:50:20, SELF, v:1, k:toalha, human:sim, iagen:nao, guide:nao, other:nao, study:120
2025-09-16 20:03:11, MOVE, v:1, k:toalha, mode:PICK
2025-09-16 20:03:21, EXEC, v:1, k:toalha, mode:LOCK, rate:0, size:30
2025-09-16 20:03:22, EXEC, v:1, k:toalha, mode:LOCK, rate:0
2025-09-16 20:03:39, EXEC, v:1, k:toalha, mode:LOCK, rate:0, size:5
2025-09-16 20:03:39, EXEC, v:1, k:toalha, mode:LOCK, rate:0, size:5
2025-09-16 20:03:42, MOVE, v:1, k:toalha, mode:BACK
2025-09-16 20:08:47, MOVE, v:1, k:toalha, mode:PICK
2025-09-16 20:08:52, EXEC, v:1, k:toalha, mode:LOCK, rate:0, size:10
2025-09-16 20:09:26, EXEC, v:1, k:toalha, mode:LOCK, rate:0
2025-09-16 20:09:27, EXEC, v:1, k:toalha, mode:LOCK, rate:0
2025-09-16 20:10:03, EXEC, v:1, k:toalha, mode:LOCK, rate:0, size:11
2025-09-16 20:10:03, EXEC, v:1, k:toalha, mode:LOCK, rate:0, size:11
2025-09-16 20:10:04, EXEC, v:1, k:toalha, mode:LOCK, rate:0, size:11
2025-09-16 20:10:04, EXEC, v:1, k:toalha, mode:LOCK, rate:0, size:11
2025-09-16 20:10:04, EXEC, v:1, k:toalha, mode:LOCK, rate:0, size:11
2025-09-16 20:10:04, EXEC, v:1, k:toalha, mode:LOCK, rate:0, size:11
2025-09-16 20:10:22, EXEC, v:1, k:toalha, mode:LOCK, rate:0, size:11
2025-09-16 20:19:16, EXEC, v:1, k:toalha, mode:LOCK, rate:0, size:17
2025-09-16 20:19:17, EXEC, v:1, k:toalha, mode:LOCK, rate:0
2025-09-16 20:19:33, EXEC, v:1, k:toalha, mode:LOCK, rate:0, size:17
2025-09-16 20:19:33, EXEC, v:1, k:toalha, mode:LOCK, rate:0, size:17
2025-09-16 20:19:33, EXEC, v:1, k:toalha, mode:LOCK, rate:0, size:17
2025-09-16 20:19:33, EXEC, v:1, k:toalha, mode:LOCK, rate:0, size:17
2025-09-16 20:19:33, EXEC, v:1, k:toalha, mode:LOCK, rate:0, size:17
2025-09-16 20:19:33, EXEC, v:1, k:toalha, mode:LOCK, rate:0, size:17
2025-09-16 20:19:33, EXEC, v:1, k:toalha, mode:LOCK, rate:0, size:17
2025-09-16 20:19:46, EXEC, v:1, k:toalha, mode:LOCK, rate:0, size:17
2025-09-16 20:22:47, EXEC, v:1, k:toalha, mode:LOCK, rate:0, size:21
2025-09-16 20:22:49, EXEC, v:1, k:toalha, mode:LOCK, rate:0
2025-09-16 20:22:50, EXEC, v:1, k:toalha, mode:LOCK, rate:0
2025-09-16 20:22:50, EXEC, v:1, k:toalha, mode:LOCK, rate:0
2025-09-16 20:22:51, EXEC, v:1, k:toalha, mode:LOCK, rate:0
2025-09-16 20:22:51, EXEC, v:1, k:toalha, mode:LOCK, rate:0
2025-09-16 20:22:51, EXEC, v:1, k:toalha, mode:LOCK, rate:0
