2025-09-30 01:26:56, MOVE, v:1, k:animal, mode:PICK
2025-09-30 01:26:58, EXEC, v:1, k:animal, mode:FULL, rate:100
2025-09-30 01:27:10, MOVE, v:1, k:animal, mode:BACK
2025-09-30 01:27:13, MOVE, v:1, k:enxugar, mode:PICK
2025-09-30 01:27:14, EXEC, v:1, k:enxugar, mode:FULL, rate:100
2025-09-30 01:54:05, MOVE, v:1, k:enxugar, mode:BACK
2025-09-30 01:54:09, MOVE, v:1, k:carro, mode:PICK
2025-09-30 01:54:12, EXEC, v:1, k:carro, mode:FULL, rate:0, size:74
2025-09-30 01:54:35, EXEC, v:1, k:carro, mode:FULL, rate:0, size:74
2025-09-30 01:55:55, EXEC, v:1, k:carro, mode:FULL, rate:0, size:75
2025-09-30 01:55:56, EXEC, v:1, k:carro, mode:FULL, rate:0
2025-09-30 01:56:22, EXEC, v:1, k:carro, mode:FULL, rate:0, size:75
2025-09-30 01:56:23, EXEC, v:1, k:carro, mode:FULL, rate:0
2025-09-30 01:56:24, EXEC, v:1, k:carro, mode:FULL, rate:0
2025-09-30 01:56:44, EXEC, v:1, k:carro, mode:FULL, rate:0, size:72
2025-09-30 01:56:46, EXEC, v:1, k:carro, mode:FULL, rate:0
2025-09-30 01:56:55, EXEC, v:1, k:carro, mode:FULL, rate:0, size:72
2025-09-30 01:56:57, EXEC, v:1, k:carro, mode:FULL, rate:0
2025-09-30 01:57:06, EXEC, v:1, k:carro, mode:FULL, rate:0, size:72
2025-09-30 01:57:57, EXEC, v:1, k:carro, mode:FULL, rate:0, size:72
2025-09-30 01:57:58, EXEC, v:1, k:carro, mode:FULL, rate:0
2025-09-30 01:58:28, EXEC, v:1, k:carro, mode:FULL, rate:0, size:75
2025-09-30 01:58:28, EXEC, v:1, k:carro, mode:FULL, rate:0, size:75
2025-09-30 01:58:30, EXEC, v:1, k:carro, mode:FULL, rate:0, size:75
2025-09-30 01:59:05, EXEC, v:1, k:carro, mode:FULL, rate:0, size:75
2025-09-30 02:05:00, EXEC, v:1, k:carro, mode:FULL, rate:0, size:74
2025-09-30 02:05:01, EXEC, v:1, k:carro, mode:FULL, rate:0
2025-09-30 02:05:02, EXEC, v:1, k:carro, mode:FULL, rate:0
2025-09-30 02:05:26, EXEC, v:1, k:carro, mode:FULL, rate:0, size:74
2025-09-30 02:06:05, EXEC, v:1, k:carro, mode:FULL, rate:0, size:74
2025-09-30 02:06:23, EXEC, v:1, k:carro, mode:FULL, rate:10, size:74
2025-09-30 02:06:54, EXEC, v:1, k:carro, mode:FULL, rate:10, size:74
2025-09-30 02:07:08, EXEC, v:1, k:carro, mode:FULL, rate:0, size:74
2025-09-30 02:07:18, EXEC, v:1, k:carro, mode:FULL, rate:10, size:74
2025-09-30 02:08:03, EXEC, v:1, k:carro, mode:FULL, rate:10
2025-09-30 02:09:02, EXEC, v:1, k:carro, mode:FULL, rate:10, size:74
2025-09-30 02:09:32, EXEC, v:1, k:carro, mode:FULL, rate:10, size:72
2025-09-30 02:16:28, EXEC, v:1, k:carro, mode:FULL, rate:0, size:72
2025-09-30 02:16:41, EXEC, v:1, k:carro, mode:FULL, rate:10, size:72
2025-09-30 02:16:57, EXEC, v:1, k:carro, mode:FULL, rate:0, size:72
2025-09-30 02:26:39, EXEC, v:1, k:carro, mode:FULL, rate:0, size:74
2025-09-30 02:26:56, EXEC, v:1, k:carro, mode:FULL, rate:0, size:74
2025-09-30 02:27:39, MOVE, v:1, k:carro, mode:PICK
2025-09-30 02:27:40, EXEC, v:1, k:carro, mode:FULL, rate:0, size:73
2025-09-30 02:27:41, EXEC, v:1, k:carro, mode:FULL, rate:0
2025-09-30 02:27:53, EXEC, v:1, k:carro, mode:FULL, rate:10, size:73
2025-09-30 02:28:30, EXEC, v:1, k:carro, mode:FULL, rate:0, size:75
2025-09-30 02:28:46, EXEC, v:1, k:carro, mode:FULL, rate:10, size:73
2025-09-30 02:30:51, EXEC, v:1, k:carro, mode:FULL, rate:10, size:73
2025-09-30 02:31:26, EXEC, v:1, k:carro, mode:FULL, rate:10, size:74
2025-09-30 02:31:27, EXEC, v:1, k:carro, mode:FULL, rate:10
2025-09-30 02:32:07, EXEC, v:1, k:carro, mode:FULL, rate:10, size:74
2025-09-30 02:32:35, EXEC, v:1, k:carro, mode:FULL, rate:10, size:74
2025-09-30 02:32:37, EXEC, v:1, k:carro, mode:FULL, rate:10
2025-09-30 02:33:40, EXEC, v:1, k:carro, mode:FULL, rate:10, size:75
2025-09-30 02:33:42, EXEC, v:1, k:carro, mode:FULL, rate:10
2025-09-30 02:36:17, EXEC, v:1, k:carro, mode:FULL, rate:0, size:79
2025-09-30 02:36:27, EXEC, v:1, k:carro, mode:FULL, rate:10, size:75
2025-09-30 02:37:19, EXEC, v:1, k:carro, mode:FULL, rate:10, size:74
2025-09-30 02:37:44, EXEC, v:1, k:carro, mode:FULL, rate:10, size:76
2025-09-30 02:38:52, EXEC, v:1, k:carro, mode:FULL, rate:10, size:76
2025-09-30 14:16:13, MOVE, v:1, k:carro, mode:PICK
2025-09-30 14:16:14, EXEC, v:1, k:carro, mode:FULL, rate:10, size:75
2025-09-30 14:17:32, EXEC, v:1, k:carro, mode:FULL, rate:10, size:75
2025-09-30 14:19:09, EXEC, v:1, k:carro, mode:FULL, rate:10, size:75
2025-09-30 14:24:50, EXEC, v:1, k:carro, mode:FULL, rate:30, size:78
2025-09-30 14:33:15, EXEC, v:1, k:carro, mode:FULL, rate:0, size:87
2025-09-30 14:33:32, EXEC, v:1, k:carro, mode:FULL, rate:0, size:88
2025-09-30 14:35:05, EXEC, v:1, k:carro, mode:FULL, rate:0, size:87
2025-09-30 14:35:40, EXEC, v:1, k:carro, mode:FULL, rate:0, size:87
2025-09-30 14:35:49, EXEC, v:1, k:carro, mode:FULL, rate:50, size:87
2025-09-30 14:36:26, EXEC, v:1, k:carro, mode:FULL, rate:30, size:79
2025-09-30 14:38:20, EXEC, v:1, k:carro, mode:FULL, rate:30, size:87
2025-09-30 14:38:42, EXEC, v:1, k:carro, mode:FULL, rate:30, size:85
2025-09-30 14:40:09, EXEC, v:1, k:carro, mode:FULL, rate:30, size:86
2025-09-30 14:41:47, EXEC, v:1, k:carro, mode:FULL, rate:0, size:86
2025-09-30 14:42:01, EXEC, v:1, k:carro, mode:FULL, rate:0, size:86
2025-09-30 14:42:09, EXEC, v:1, k:carro, mode:FULL, rate:30, size:85
2025-09-30 14:42:42, EXEC, v:1, k:carro, mode:FULL, rate:30, size:87
2025-09-30 14:43:32, EXEC, v:1, k:carro, mode:FULL, rate:30, size:87
2025-09-30 14:43:37, EXEC, v:1, k:carro, mode:FULL, rate:30
2025-09-30 14:43:47, EXEC, v:1, k:carro, mode:FULL, rate:30, size:87
2025-09-30 14:43:48, EXEC, v:1, k:carro, mode:FULL, rate:30
2025-09-30 14:45:01, EXEC, v:1, k:carro, mode:FULL, rate:60, size:87
2025-09-30 14:45:30, EXEC, v:1, k:carro, mode:FULL, rate:30, size:88
2025-09-30 14:45:51, EXEC, v:1, k:carro, mode:FULL, rate:30, size:88
2025-09-30 14:46:45, EXEC, v:1, k:carro, mode:FULL, rate:50, size:91
2025-09-30 14:47:03, EXEC, v:1, k:carro, mode:FULL, rate:50, size:91
2025-09-30 14:48:23, EXEC, v:1, k:carro, mode:FULL, rate:0, size:105
2025-09-30 14:48:40, EXEC, v:1, k:carro, mode:FULL, rate:50, size:91
2025-09-30 14:48:53, EXEC, v:1, k:carro, mode:FULL, rate:50, size:89
2025-09-30 14:49:01, EXEC, v:1, k:carro, mode:FULL, rate:30, size:87
2025-09-30 14:50:20, EXEC, v:1, k:carro, mode:FULL, rate:50, size:89
2025-09-30 14:52:16, EXEC, v:1, k:carro, mode:FULL, rate:50, size:91
2025-09-30 14:52:34, EXEC, v:1, k:carro, mode:FULL, rate:50, size:89
2025-09-30 14:52:44, EXEC, v:1, k:carro, mode:FULL, rate:30, size:87
2025-09-30 14:54:44, EXEC, v:1, k:carro, mode:FULL, rate:30, size:87
2025-09-30 14:56:16, EXEC, v:1, k:carro, mode:FULL, rate:0, size:107
2025-09-30 14:57:25, EXEC, v:1, k:carro, mode:FULL, rate:0, size:107
2025-09-30 14:57:35, EXEC, v:1, k:carro, mode:FULL, rate:0, size:107
2025-09-30 14:57:46, EXEC, v:1, k:carro, mode:FULL, rate:100, size:107
2025-09-30 15:01:44, EXEC, v:1, k:carro, mode:FULL, rate:100, size:106
2025-09-30 15:05:34, EXEC, v:1, k:carro, mode:FULL, rate:100
2025-09-30 15:05:35, EXEC, v:1, k:carro, mode:FULL, rate:100
2025-09-30 15:05:38, EXEC, v:1, k:carro, mode:FULL, rate:100
2025-09-30 15:08:54, MOVE, v:1, k:carro, mode:BACK
